This is pdfTeX, Version 3.1415926-2.5-1.40.14 (MiKTeX 2.9) (preloaded format=pdflatex 2014.11.12)  8 APR 2017 15:38
entering extended mode
**master.tex
(D:\01_Daten\UnrelatedStuff\RPGs\Shadowrun\mapping\master.tex
LaTeX2e <2011/06/27>
Babel <v3.8m> and hyphenation patterns for english, afrikaans, ancientgreek, ar
abic, armenian, assamese, basque, bengali, bokmal, bulgarian, catalan, coptic, 
croatian, czech, danish, dutch, esperanto, estonian, farsi, finnish, french, ga
lician, german, german-x-2013-05-26, greek, gujarati, hindi, hungarian, iceland
ic, indonesian, interlingua, irish, italian, kannada, kurmanji, latin, latvian,
 lithuanian, malayalam, marathi, mongolian, mongolianlmc, monogreek, ngerman, n
german-x-2013-05-26, nynorsk, oriya, panjabi, pinyin, polish, portuguese, roman
ian, russian, sanskrit, serbian, slovak, slovenian, spanish, swedish, swissgerm
an, tamil, telugu, turkish, turkmen, ukenglish, ukrainian, uppersorbian, usengl
ishmax, welsh, loaded.
("D:\02_Programme\MiKTeX 2.9\tex\latex\standalone\standalone.cls"
Document Class: standalone 2015/07/15 v1.2 Class to compile TeX sub-files stand
alone
("D:\02_Programme\MiKTeX 2.9\tex\generic\oberdiek\ifluatex.sty"
Package: ifluatex 2010/03/01 v1.3 Provides the ifluatex switch (HO)
Package ifluatex Info: LuaTeX not detected.
)
("D:\02_Programme\MiKTeX 2.9\tex\generic\oberdiek\ifpdf.sty"
Package: ifpdf 2011/01/30 v2.3 Provides the ifpdf switch (HO)
Package ifpdf Info: pdfTeX in PDF mode is detected.
)
("D:\02_Programme\MiKTeX 2.9\tex\generic\ifxetex\ifxetex.sty"
Package: ifxetex 2010/09/12 v0.6 Provides ifxetex conditional
)
("D:\02_Programme\MiKTeX 2.9\tex\latex\xkeyval\xkeyval.sty"
Package: xkeyval 2012/10/14 v2.6b package option processing (HA)

("D:\02_Programme\MiKTeX 2.9\tex\generic\xkeyval\xkeyval.tex"
\XKV@toks=\toks14
\XKV@tempa@toks=\toks15
\XKV@depth=\count79
File: xkeyval.tex 2012/10/14 v2.6b key=value parser (HA)

("D:\02_Programme\MiKTeX 2.9\tex\generic\xkeyval\keyval.tex")))
\sa@internal=\count80
\c@sapage=\count81

("D:\02_Programme\MiKTeX 2.9\tex\latex\standalone\standalone.cfg"
File: standalone.cfg 2015/07/15 v1.2 Default configuration file for 'standalone
' class
)
("D:\02_Programme\MiKTeX 2.9\tex\latex\base\article.cls"
Document Class: article 2007/10/19 v1.4h Standard LaTeX document class
("D:\02_Programme\MiKTeX 2.9\tex\latex\base\size10.clo"
File: size10.clo 2007/10/19 v1.4h Standard LaTeX file (size option)
)
\c@part=\count82
\c@section=\count83
\c@subsection=\count84
\c@subsubsection=\count85
\c@paragraph=\count86
\c@subparagraph=\count87
\c@figure=\count88
\c@table=\count89
\abovecaptionskip=\skip41
\belowcaptionskip=\skip42
\bibindent=\dimen102
)
\sa@box=\box26
)
("D:\02_Programme\MiKTeX 2.9\tex\latex\pgf\frontendlayer\tikz.sty"
("D:\02_Programme\MiKTeX 2.9\tex\latex\pgf\basiclayer\pgf.sty"
("D:\02_Programme\MiKTeX 2.9\tex\latex\pgf\utilities\pgfrcs.sty"
("D:\02_Programme\MiKTeX 2.9\tex\generic\pgf\utilities\pgfutil-common.tex"
\pgfutil@everybye=\toks16
\pgfutil@tempdima=\dimen103
\pgfutil@tempdimb=\dimen104

("D:\02_Programme\MiKTeX 2.9\tex\generic\pgf\utilities\pgfutil-common-lists.tex
")) ("D:\02_Programme\MiKTeX 2.9\tex\generic\pgf\utilities\pgfutil-latex.def"
\pgfutil@abb=\box27

("D:\02_Programme\MiKTeX 2.9\tex\latex\ms\everyshi.sty"
Package: everyshi 2001/05/15 v3.00 EveryShipout Package (MS)
))
("D:\02_Programme\MiKTeX 2.9\tex\generic\pgf\utilities\pgfrcs.code.tex"
Package: pgfrcs 2013/12/20 v3.0.0 (rcs-revision 1.28)
))
Package: pgf 2013/12/18 v3.0.0 (rcs-revision 1.14)

("D:\02_Programme\MiKTeX 2.9\tex\latex\pgf\basiclayer\pgfcore.sty"
("D:\02_Programme\MiKTeX 2.9\tex\latex\graphics\graphicx.sty"
Package: graphicx 1999/02/16 v1.0f Enhanced LaTeX Graphics (DPC,SPQR)

("D:\02_Programme\MiKTeX 2.9\tex\latex\graphics\graphics.sty"
Package: graphics 2009/02/05 v1.0o Standard LaTeX Graphics (DPC,SPQR)

("D:\02_Programme\MiKTeX 2.9\tex\latex\graphics\trig.sty"
Package: trig 1999/03/16 v1.09 sin cos tan (DPC)
)
("D:\02_Programme\MiKTeX 2.9\tex\latex\00miktex\graphics.cfg"
File: graphics.cfg 2007/01/18 v1.5 graphics configuration of teTeX/TeXLive
)
Package graphics Info: Driver file: pdftex.def on input line 91.

("D:\02_Programme\MiKTeX 2.9\tex\latex\pdftex-def\pdftex.def"
File: pdftex.def 2011/05/27 v0.06d Graphics/color for pdfTeX

("D:\02_Programme\MiKTeX 2.9\tex\generic\oberdiek\infwarerr.sty"
Package: infwarerr 2010/04/08 v1.3 Providing info/warning/error messages (HO)
)
("D:\02_Programme\MiKTeX 2.9\tex\generic\oberdiek\ltxcmds.sty"
Package: ltxcmds 2011/11/09 v1.22 LaTeX kernel commands for general use (HO)
)
\Gread@gobject=\count90
))
\Gin@req@height=\dimen105
\Gin@req@width=\dimen106
)
("D:\02_Programme\MiKTeX 2.9\tex\latex\pgf\systemlayer\pgfsys.sty"
("D:\02_Programme\MiKTeX 2.9\tex\generic\pgf\systemlayer\pgfsys.code.tex"
Package: pgfsys 2013/11/30 v3.0.0 (rcs-revision 1.47)

("D:\02_Programme\MiKTeX 2.9\tex\generic\pgf\utilities\pgfkeys.code.tex"
\pgfkeys@pathtoks=\toks17
\pgfkeys@temptoks=\toks18

("D:\02_Programme\MiKTeX 2.9\tex\generic\pgf\utilities\pgfkeysfiltered.code.tex
"
\pgfkeys@tmptoks=\toks19
))
\pgf@x=\dimen107
\pgf@y=\dimen108
\pgf@xa=\dimen109
\pgf@ya=\dimen110
\pgf@xb=\dimen111
\pgf@yb=\dimen112
\pgf@xc=\dimen113
\pgf@yc=\dimen114
\w@pgf@writea=\write3
\r@pgf@reada=\read1
\c@pgf@counta=\count91
\c@pgf@countb=\count92
\c@pgf@countc=\count93
\c@pgf@countd=\count94
\t@pgf@toka=\toks20
\t@pgf@tokb=\toks21
\t@pgf@tokc=\toks22
 ("D:\02_Programme\MiKTeX 2.9\tex\generic\pgf\systemlayer\pgf.cfg"
File: pgf.cfg 2008/05/14  (rcs-revision 1.7)
)
Driver file for pgf: pgfsys-pdftex.def

("D:\02_Programme\MiKTeX 2.9\tex\generic\pgf\systemlayer\pgfsys-pdftex.def"
File: pgfsys-pdftex.def 2013/07/18  (rcs-revision 1.33)

("D:\02_Programme\MiKTeX 2.9\tex\generic\pgf\systemlayer\pgfsys-common-pdf.def"
File: pgfsys-common-pdf.def 2013/10/10  (rcs-revision 1.13)
)))
("D:\02_Programme\MiKTeX 2.9\tex\generic\pgf\systemlayer\pgfsyssoftpath.code.te
x"
File: pgfsyssoftpath.code.tex 2013/09/09  (rcs-revision 1.9)
\pgfsyssoftpath@smallbuffer@items=\count95
\pgfsyssoftpath@bigbuffer@items=\count96
)
("D:\02_Programme\MiKTeX 2.9\tex\generic\pgf\systemlayer\pgfsysprotocol.code.te
x"
File: pgfsysprotocol.code.tex 2006/10/16  (rcs-revision 1.4)
)) ("D:\02_Programme\MiKTeX 2.9\tex\latex\xcolor\xcolor.sty"
Package: xcolor 2007/01/21 v2.11 LaTeX color extensions (UK)

("D:\02_Programme\MiKTeX 2.9\tex\latex\00miktex\color.cfg"
File: color.cfg 2007/01/18 v1.5 color configuration of teTeX/TeXLive
)
Package xcolor Info: Driver file: pdftex.def on input line 225.
Package xcolor Info: Model `cmy' substituted by `cmy0' on input line 1337.
Package xcolor Info: Model `hsb' substituted by `rgb' on input line 1341.
Package xcolor Info: Model `RGB' extended on input line 1353.
Package xcolor Info: Model `HTML' substituted by `rgb' on input line 1355.
Package xcolor Info: Model `Hsb' substituted by `hsb' on input line 1356.
Package xcolor Info: Model `tHsb' substituted by `hsb' on input line 1357.
Package xcolor Info: Model `HSB' substituted by `hsb' on input line 1358.
Package xcolor Info: Model `Gray' substituted by `gray' on input line 1359.
Package xcolor Info: Model `wave' substituted by `hsb' on input line 1360.
)
("D:\02_Programme\MiKTeX 2.9\tex\generic\pgf\basiclayer\pgfcore.code.tex"
Package: pgfcore 2010/04/11 v3.0.0 (rcs-revision 1.7)

("D:\02_Programme\MiKTeX 2.9\tex\generic\pgf\math\pgfmath.code.tex"
("D:\02_Programme\MiKTeX 2.9\tex\generic\pgf\math\pgfmathcalc.code.tex"
("D:\02_Programme\MiKTeX 2.9\tex\generic\pgf\math\pgfmathutil.code.tex")
("D:\02_Programme\MiKTeX 2.9\tex\generic\pgf\math\pgfmathparser.code.tex"
\pgfmath@dimen=\dimen115
\pgfmath@count=\count97
\pgfmath@box=\box28
\pgfmath@toks=\toks23
\pgfmath@stack@operand=\toks24
\pgfmath@stack@operation=\toks25
)
("D:\02_Programme\MiKTeX 2.9\tex\generic\pgf\math\pgfmathfunctions.code.tex"
("D:\02_Programme\MiKTeX 2.9\tex\generic\pgf\math\pgfmathfunctions.basic.code.t
ex")
("D:\02_Programme\MiKTeX 2.9\tex\generic\pgf\math\pgfmathfunctions.trigonometri
c.code.tex")
("D:\02_Programme\MiKTeX 2.9\tex\generic\pgf\math\pgfmathfunctions.random.code.
tex")
("D:\02_Programme\MiKTeX 2.9\tex\generic\pgf\math\pgfmathfunctions.comparison.c
ode.tex")
("D:\02_Programme\MiKTeX 2.9\tex\generic\pgf\math\pgfmathfunctions.base.code.te
x")
("D:\02_Programme\MiKTeX 2.9\tex\generic\pgf\math\pgfmathfunctions.round.code.t
ex")
("D:\02_Programme\MiKTeX 2.9\tex\generic\pgf\math\pgfmathfunctions.misc.code.te
x")
("D:\02_Programme\MiKTeX 2.9\tex\generic\pgf\math\pgfmathfunctions.integerarith
metics.code.tex")))
("D:\02_Programme\MiKTeX 2.9\tex\generic\pgf\math\pgfmathfloat.code.tex"
\c@pgfmathroundto@lastzeros=\count98
))
("D:\02_Programme\MiKTeX 2.9\tex\generic\pgf\basiclayer\pgfcorepoints.code.tex"
File: pgfcorepoints.code.tex 2013/10/07  (rcs-revision 1.27)
\pgf@picminx=\dimen116
\pgf@picmaxx=\dimen117
\pgf@picminy=\dimen118
\pgf@picmaxy=\dimen119
\pgf@pathminx=\dimen120
\pgf@pathmaxx=\dimen121
\pgf@pathminy=\dimen122
\pgf@pathmaxy=\dimen123
\pgf@xx=\dimen124
\pgf@xy=\dimen125
\pgf@yx=\dimen126
\pgf@yy=\dimen127
\pgf@zx=\dimen128
\pgf@zy=\dimen129
)
("D:\02_Programme\MiKTeX 2.9\tex\generic\pgf\basiclayer\pgfcorepathconstruct.co
de.tex"
File: pgfcorepathconstruct.code.tex 2013/10/07  (rcs-revision 1.29)
\pgf@path@lastx=\dimen130
\pgf@path@lasty=\dimen131
)
("D:\02_Programme\MiKTeX 2.9\tex\generic\pgf\basiclayer\pgfcorepathusage.code.t
ex"
File: pgfcorepathusage.code.tex 2013/12/13  (rcs-revision 1.23)
\pgf@shorten@end@additional=\dimen132
\pgf@shorten@start@additional=\dimen133
)
("D:\02_Programme\MiKTeX 2.9\tex\generic\pgf\basiclayer\pgfcorescopes.code.tex"
File: pgfcorescopes.code.tex 2013/10/09  (rcs-revision 1.44)
\pgfpic=\box29
\pgf@hbox=\box30
\pgf@layerbox@main=\box31
\pgf@picture@serial@count=\count99
)
("D:\02_Programme\MiKTeX 2.9\tex\generic\pgf\basiclayer\pgfcoregraphicstate.cod
e.tex"
File: pgfcoregraphicstate.code.tex 2013/09/19  (rcs-revision 1.11)
\pgflinewidth=\dimen134
)
("D:\02_Programme\MiKTeX 2.9\tex\generic\pgf\basiclayer\pgfcoretransformations.
code.tex"
File: pgfcoretransformations.code.tex 2013/10/10  (rcs-revision 1.17)
\pgf@pt@x=\dimen135
\pgf@pt@y=\dimen136
\pgf@pt@temp=\dimen137
)
("D:\02_Programme\MiKTeX 2.9\tex\generic\pgf\basiclayer\pgfcorequick.code.tex"
File: pgfcorequick.code.tex 2008/10/09  (rcs-revision 1.3)
) ("D:\02_Programme\MiKTeX 2.9\tex\generic\pgf\basiclayer\pgfcoreobjects.code.t
ex"
File: pgfcoreobjects.code.tex 2006/10/11  (rcs-revision 1.2)
)
("D:\02_Programme\MiKTeX 2.9\tex\generic\pgf\basiclayer\pgfcorepathprocessing.c
ode.tex"
File: pgfcorepathprocessing.code.tex 2013/09/09  (rcs-revision 1.9)
)
("D:\02_Programme\MiKTeX 2.9\tex\generic\pgf\basiclayer\pgfcorearrows.code.tex"
File: pgfcorearrows.code.tex 2013/11/07  (rcs-revision 1.40)
\pgfarrowsep=\dimen138
) ("D:\02_Programme\MiKTeX 2.9\tex\generic\pgf\basiclayer\pgfcoreshade.code.tex
"
File: pgfcoreshade.code.tex 2013/07/15  (rcs-revision 1.15)
\pgf@max=\dimen139
\pgf@sys@shading@range@num=\count100
) ("D:\02_Programme\MiKTeX 2.9\tex\generic\pgf\basiclayer\pgfcoreimage.code.tex
"
File: pgfcoreimage.code.tex 2013/07/15  (rcs-revision 1.18)

("D:\02_Programme\MiKTeX 2.9\tex\generic\pgf\basiclayer\pgfcoreexternal.code.te
x"
File: pgfcoreexternal.code.tex 2013/07/15  (rcs-revision 1.20)
\pgfexternal@startupbox=\box32
))
("D:\02_Programme\MiKTeX 2.9\tex\generic\pgf\basiclayer\pgfcorelayers.code.tex"
File: pgfcorelayers.code.tex 2013/07/18  (rcs-revision 1.7)
)
("D:\02_Programme\MiKTeX 2.9\tex\generic\pgf\basiclayer\pgfcoretransparency.cod
e.tex"
File: pgfcoretransparency.code.tex 2013/09/30  (rcs-revision 1.5)
)
("D:\02_Programme\MiKTeX 2.9\tex\generic\pgf\basiclayer\pgfcorepatterns.code.te
x"
File: pgfcorepatterns.code.tex 2013/11/07  (rcs-revision 1.5)
)))
("D:\02_Programme\MiKTeX 2.9\tex\generic\pgf\modules\pgfmoduleshapes.code.tex"
File: pgfmoduleshapes.code.tex 2013/10/31  (rcs-revision 1.34)
\pgfnodeparttextbox=\box33
) ("D:\02_Programme\MiKTeX 2.9\tex\generic\pgf\modules\pgfmoduleplot.code.tex"
File: pgfmoduleplot.code.tex 2013/07/31  (rcs-revision 1.12)
)
("D:\02_Programme\MiKTeX 2.9\tex\latex\pgf\compatibility\pgfcomp-version-0-65.s
ty"
Package: pgfcomp-version-0-65 2007/07/03 v3.0.0 (rcs-revision 1.7)
\pgf@nodesepstart=\dimen140
\pgf@nodesepend=\dimen141
)
("D:\02_Programme\MiKTeX 2.9\tex\latex\pgf\compatibility\pgfcomp-version-1-18.s
ty"
Package: pgfcomp-version-1-18 2007/07/23 v3.0.0 (rcs-revision 1.1)
)) ("D:\02_Programme\MiKTeX 2.9\tex\latex\pgf\utilities\pgffor.sty"
("D:\02_Programme\MiKTeX 2.9\tex\latex\pgf\utilities\pgfkeys.sty"
("D:\02_Programme\MiKTeX 2.9\tex\generic\pgf\utilities\pgfkeys.code.tex"))
("D:\02_Programme\MiKTeX 2.9\tex\latex\pgf\math\pgfmath.sty"
("D:\02_Programme\MiKTeX 2.9\tex\generic\pgf\math\pgfmath.code.tex"))
("D:\02_Programme\MiKTeX 2.9\tex\generic\pgf\utilities\pgffor.code.tex"
Package: pgffor 2013/12/13 v3.0.0 (rcs-revision 1.25)

("D:\02_Programme\MiKTeX 2.9\tex\generic\pgf\math\pgfmath.code.tex")
\pgffor@iter=\dimen142
\pgffor@skip=\dimen143
\pgffor@stack=\toks26
\pgffor@toks=\toks27
))
("D:\02_Programme\MiKTeX 2.9\tex\generic\pgf\frontendlayer\tikz\tikz.code.tex"
Package: tikz 2013/12/13 v3.0.0 (rcs-revision 1.142)

("D:\02_Programme\MiKTeX 2.9\tex\generic\pgf\libraries\pgflibraryplothandlers.c
ode.tex"
File: pgflibraryplothandlers.code.tex 2013/08/31 v3.0.0 (rcs-revision 1.20)
\pgf@plot@mark@count=\count101
\pgfplotmarksize=\dimen144
)
\tikz@lastx=\dimen145
\tikz@lasty=\dimen146
\tikz@lastxsaved=\dimen147
\tikz@lastysaved=\dimen148
\tikzleveldistance=\dimen149
\tikzsiblingdistance=\dimen150
\tikz@figbox=\box34
\tikz@figbox@bg=\box35
\tikz@tempbox=\box36
\tikz@tempbox@bg=\box37
\tikztreelevel=\count102
\tikznumberofchildren=\count103
\tikznumberofcurrentchild=\count104
\tikz@fig@count=\count105

("D:\02_Programme\MiKTeX 2.9\tex\generic\pgf\modules\pgfmodulematrix.code.tex"
File: pgfmodulematrix.code.tex 2013/09/17  (rcs-revision 1.8)
\pgfmatrixcurrentrow=\count106
\pgfmatrixcurrentcolumn=\count107
\pgf@matrix@numberofcolumns=\count108
)
\tikz@expandcount=\count109

("D:\02_Programme\MiKTeX 2.9\tex\generic\pgf\frontendlayer\tikz\libraries\tikzl
ibrarytopaths.code.tex"
File: tikzlibrarytopaths.code.tex 2008/06/17 v3.0.0 (rcs-revision 1.2)
)))
("D:\02_Programme\MiKTeX 2.9\tex\latex\amsmath\amsmath.sty"
Package: amsmath 2013/01/14 v2.14 AMS math features
\@mathmargin=\skip43

For additional information on amsmath, use the `?' option.
("D:\02_Programme\MiKTeX 2.9\tex\latex\amsmath\amstext.sty"
Package: amstext 2000/06/29 v2.01

("D:\02_Programme\MiKTeX 2.9\tex\latex\amsmath\amsgen.sty"
File: amsgen.sty 1999/11/30 v2.0
\@emptytoks=\toks28
\ex@=\dimen151
))
("D:\02_Programme\MiKTeX 2.9\tex\latex\amsmath\amsbsy.sty"
Package: amsbsy 1999/11/29 v1.2d
\pmbraise@=\dimen152
)
("D:\02_Programme\MiKTeX 2.9\tex\latex\amsmath\amsopn.sty"
Package: amsopn 1999/12/14 v2.01 operator names
)
\inf@bad=\count110
LaTeX Info: Redefining \frac on input line 210.
\uproot@=\count111
\leftroot@=\count112
LaTeX Info: Redefining \overline on input line 306.
\classnum@=\count113
\DOTSCASE@=\count114
LaTeX Info: Redefining \ldots on input line 378.
LaTeX Info: Redefining \dots on input line 381.
LaTeX Info: Redefining \cdots on input line 466.
\Mathstrutbox@=\box38
\strutbox@=\box39
\big@size=\dimen153
LaTeX Font Info:    Redeclaring font encoding OML on input line 566.
LaTeX Font Info:    Redeclaring font encoding OMS on input line 567.
\macc@depth=\count115
\c@MaxMatrixCols=\count116
\dotsspace@=\muskip10
\c@parentequation=\count117
\dspbrk@lvl=\count118
\tag@help=\toks29
\row@=\count119
\column@=\count120
\maxfields@=\count121
\andhelp@=\toks30
\eqnshift@=\dimen154
\alignsep@=\dimen155
\tagshift@=\dimen156
\tagwidth@=\dimen157
\totwidth@=\dimen158
\lineht@=\dimen159
\@envbody=\toks31
\multlinegap=\skip44
\multlinetaggap=\skip45
\mathdisplay@stack=\toks32
LaTeX Info: Redefining \[ on input line 2665.
LaTeX Info: Redefining \] on input line 2666.
)
("D:\02_Programme\MiKTeX 2.9\tex\latex\tools\calc.sty"
Package: calc 2007/08/22 v4.3 Infix arithmetic (KKT,FJ)
\calc@Acount=\count122
\calc@Bcount=\count123
\calc@Adimen=\dimen160
\calc@Bdimen=\dimen161
\calc@Askip=\skip46
\calc@Bskip=\skip47
LaTeX Info: Redefining \setlength on input line 76.
LaTeX Info: Redefining \addtolength on input line 77.
\calc@Ccount=\count124
\calc@Cskip=\skip48
)
(D:\01_Daten\UnrelatedStuff\RPGs\Shadowrun\mapping\master.aux)
LaTeX Font Info:    Checking defaults for OML/cmm/m/it on input line 70.
LaTeX Font Info:    ... okay on input line 70.
LaTeX Font Info:    Checking defaults for T1/cmr/m/n on input line 70.
LaTeX Font Info:    ... okay on input line 70.
LaTeX Font Info:    Checking defaults for OT1/cmr/m/n on input line 70.
LaTeX Font Info:    ... okay on input line 70.
LaTeX Font Info:    Checking defaults for OMS/cmsy/m/n on input line 70.
LaTeX Font Info:    ... okay on input line 70.
LaTeX Font Info:    Checking defaults for OMX/cmex/m/n on input line 70.
LaTeX Font Info:    ... okay on input line 70.
LaTeX Font Info:    Checking defaults for U/cmr/m/n on input line 70.
LaTeX Font Info:    ... okay on input line 70.

ABD: EveryShipout initializing macros
("D:\02_Programme\MiKTeX 2.9\tex\context\base\supp-pdf.mkii"
[Loading MPS to PDF converter (version 2006.09.02).]
\scratchcounter=\count125
\scratchdimen=\dimen162
\scratchbox=\box40
\nofMPsegments=\count126
\nofMParguments=\count127
\everyMPshowfont=\toks33
\MPscratchCnt=\count128
\MPscratchDim=\dimen163
\MPnumerator=\count129
\makeMPintoPDFobject=\count130
\everyMPtoPDFconversion=\toks34
) (D:\01_Daten\UnrelatedStuff\RPGs\Shadowrun\mapping\tex/LogistikZentrum.tex

pdfTeX warning: pdflatex.exe (file D:/01_Daten/UnrelatedStuff/RPGs/Shadowrun/ma
pping/graphics/Legende.pdf): PDF inclusion: found PDF version <1.6>, but at mos
t version <1.5> allowed
<graphics/Legende.pdf, id=4, 475.16118pt x 830.82092pt>
File: graphics/Legende.pdf Graphic file (type pdf)

<use graphics/Legende.pdf>
Package pdftex.def Info: graphics/Legende.pdf used on input line 2.
(pdftex.def)             Requested size: 162.72722pt x 284.52756pt.

<graphics/Sonstiges/256/Treppenhaus.png, id=5, 256.96pt x 256.96pt>
File: graphics/Sonstiges/256/Treppenhaus.png Graphic file (type png)

<use graphics/Sonstiges/256/Treppenhaus.png>
Package pdftex.def Info: graphics/Sonstiges/256/Treppenhaus.png used on input l
ine 92.
(pdftex.def)             Requested size: 12.84874pt x 12.84874pt.
File: graphics/Sonstiges/256/Treppenhaus.png Graphic file (type png)

<use graphics/Sonstiges/256/Treppenhaus.png>
Package pdftex.def Info: graphics/Sonstiges/256/Treppenhaus.png used on input l
ine 93.
(pdftex.def)             Requested size: 12.84874pt x 12.84874pt.

<graphics/Magschloss_Kartenleser/256/Magschloss_Kartenleser_S4A0.png, id=7, 256
.96pt x 256.96pt>
File: graphics/Magschloss_Kartenleser/256/Magschloss_Kartenleser_S4A0.png Graph
ic file (type png)

<use graphics/Magschloss_Kartenleser/256/Magschloss_Kartenleser_S4A0.png>
Package pdftex.def Info: graphics/Magschloss_Kartenleser/256/Magschloss_Kartenl
eser_S4A0.png used on input line 95.
(pdftex.def)             Requested size: 12.84874pt x 12.84874pt.
File: graphics/Magschloss_Kartenleser/256/Magschloss_Kartenleser_S4A0.png Graph
ic file (type png)

<use graphics/Magschloss_Kartenleser/256/Magschloss_Kartenleser_S4A0.png>
Package pdftex.def Info: graphics/Magschloss_Kartenleser/256/Magschloss_Kartenl
eser_S4A0.png used on input line 96.
(pdftex.def)             Requested size: 12.84874pt x 12.84874pt.
File: graphics/Magschloss_Kartenleser/256/Magschloss_Kartenleser_S4A0.png Graph
ic file (type png)

<use graphics/Magschloss_Kartenleser/256/Magschloss_Kartenleser_S4A0.png>
Package pdftex.def Info: graphics/Magschloss_Kartenleser/256/Magschloss_Kartenl
eser_S4A0.png used on input line 97.
(pdftex.def)             Requested size: 12.84874pt x 12.84874pt.
File: graphics/Magschloss_Kartenleser/256/Magschloss_Kartenleser_S4A0.png Graph
ic file (type png)

<use graphics/Magschloss_Kartenleser/256/Magschloss_Kartenleser_S4A0.png>
Package pdftex.def Info: graphics/Magschloss_Kartenleser/256/Magschloss_Kartenl
eser_S4A0.png used on input line 98.
(pdftex.def)             Requested size: 12.84874pt x 12.84874pt.

<graphics/Magschloss_Biometrisch/256/GR/Magschloss_Biometrisch_GR_S5A4.png, id=
8, 256.96pt x 256.96pt>
File: graphics/Magschloss_Biometrisch/256/GR/Magschloss_Biometrisch_GR_S5A4.png
 Graphic file (type png)

<use graphics/Magschloss_Biometrisch/256/GR/Magschloss_Biometrisch_GR_S5A4.png>
Package pdftex.def Info: graphics/Magschloss_Biometrisch/256/GR/Magschloss_Biom
etrisch_GR_S5A4.png used on input line 100.
(pdftex.def)             Requested size: 12.84874pt x 12.84874pt.
File: graphics/Magschloss_Biometrisch/256/GR/Magschloss_Biometrisch_GR_S5A4.png
 Graphic file (type png)

<use graphics/Magschloss_Biometrisch/256/GR/Magschloss_Biometrisch_GR_S5A4.png>
Package pdftex.def Info: graphics/Magschloss_Biometrisch/256/GR/Magschloss_Biom
etrisch_GR_S5A4.png used on input line 101.
(pdftex.def)             Requested size: 12.84874pt x 12.84874pt.
File: graphics/Magschloss_Biometrisch/256/GR/Magschloss_Biometrisch_GR_S5A4.png
 Graphic file (type png)

<use graphics/Magschloss_Biometrisch/256/GR/Magschloss_Biometrisch_GR_S5A4.png>
Package pdftex.def Info: graphics/Magschloss_Biometrisch/256/GR/Magschloss_Biom
etrisch_GR_S5A4.png used on input line 102.
(pdftex.def)             Requested size: 12.84874pt x 12.84874pt.

<graphics/Magschloss_Tastatur/256/Magschloss_Tastatur_S5A3.png, id=9, 256.96pt 
x 256.96pt>
File: graphics/Magschloss_Tastatur/256/Magschloss_Tastatur_S5A3.png Graphic fil
e (type png)

<use graphics/Magschloss_Tastatur/256/Magschloss_Tastatur_S5A3.png>
Package pdftex.def Info: graphics/Magschloss_Tastatur/256/Magschloss_Tastatur_S
5A3.png used on input line 104.
(pdftex.def)             Requested size: 12.84874pt x 12.84874pt.
File: graphics/Magschloss_Tastatur/256/Magschloss_Tastatur_S5A3.png Graphic fil
e (type png)

<use graphics/Magschloss_Tastatur/256/Magschloss_Tastatur_S5A3.png>
Package pdftex.def Info: graphics/Magschloss_Tastatur/256/Magschloss_Tastatur_S
5A3.png used on input line 105.
(pdftex.def)             Requested size: 12.84874pt x 12.84874pt.

<graphics/Magschloss_RFID/256/Magschloss_RFID_S4A2.png, id=10, 256.96pt x 256.9
6pt>
File: graphics/Magschloss_RFID/256/Magschloss_RFID_S4A2.png Graphic file (type 
png)
 <use graphics/Magschloss_RFID/256/Magschloss_RFID_S4A2.png>
Package pdftex.def Info: graphics/Magschloss_RFID/256/Magschloss_RFID_S4A2.png 
used on input line 107.
(pdftex.def)             Requested size: 12.84874pt x 12.84874pt.
File: graphics/Magschloss_RFID/256/Magschloss_RFID_S4A2.png Graphic file (type 
png)

<use graphics/Magschloss_RFID/256/Magschloss_RFID_S4A2.png>
Package pdftex.def Info: graphics/Magschloss_RFID/256/Magschloss_RFID_S4A2.png 
used on input line 108.
(pdftex.def)             Requested size: 12.84874pt x 12.84874pt.
File: graphics/Magschloss_RFID/256/Magschloss_RFID_S4A2.png Graphic file (type 
png)

<use graphics/Magschloss_RFID/256/Magschloss_RFID_S4A2.png>
Package pdftex.def Info: graphics/Magschloss_RFID/256/Magschloss_RFID_S4A2.png 
used on input line 109.
(pdftex.def)             Requested size: 12.84874pt x 12.84874pt.
File: graphics/Magschloss_RFID/256/Magschloss_RFID_S4A2.png Graphic file (type 
png)

<use graphics/Magschloss_RFID/256/Magschloss_RFID_S4A2.png>
Package pdftex.def Info: graphics/Magschloss_RFID/256/Magschloss_RFID_S4A2.png 
used on input line 110.
(pdftex.def)             Requested size: 12.84874pt x 12.84874pt.

<graphics/Magische_Barriere/256/Hueter/Magische_Barriere_Hueter_S6.png, id=11, 
256.96pt x 256.96pt>
File: graphics/Magische_Barriere/256/Hueter/Magische_Barriere_Hueter_S6.png Gra
phic file (type png)

<use graphics/Magische_Barriere/256/Hueter/Magische_Barriere_Hueter_S6.png>
Package pdftex.def Info: graphics/Magische_Barriere/256/Hueter/Magische_Barrier
e_Hueter_S6.png used on input line 112.
(pdftex.def)             Requested size: 12.84874pt x 12.84874pt.
File: graphics/Magische_Barriere/256/Hueter/Magische_Barriere_Hueter_S6.png Gra
phic file (type png)

<use graphics/Magische_Barriere/256/Hueter/Magische_Barriere_Hueter_S6.png>
Package pdftex.def Info: graphics/Magische_Barriere/256/Hueter/Magische_Barrier
e_Hueter_S6.png used on input line 113.
(pdftex.def)             Requested size: 12.84874pt x 12.84874pt.

<graphics/Magische_Barriere/256/Hueter/Magische_Barriere_Hueter_S4.png, id=12, 
256.96pt x 256.96pt>
File: graphics/Magische_Barriere/256/Hueter/Magische_Barriere_Hueter_S4.png Gra
phic file (type png)

<use graphics/Magische_Barriere/256/Hueter/Magische_Barriere_Hueter_S4.png>
Package pdftex.def Info: graphics/Magische_Barriere/256/Hueter/Magische_Barrier
e_Hueter_S4.png used on input line 114.
(pdftex.def)             Requested size: 12.84874pt x 12.84874pt.
File: graphics/Magische_Barriere/256/Hueter/Magische_Barriere_Hueter_S4.png Gra
phic file (type png)

<use graphics/Magische_Barriere/256/Hueter/Magische_Barriere_Hueter_S4.png>
Package pdftex.def Info: graphics/Magische_Barriere/256/Hueter/Magische_Barrier
e_Hueter_S4.png used on input line 115.
(pdftex.def)             Requested size: 12.84874pt x 12.84874pt.

<graphics/NSC/256/NSC_drohne.png, id=13, 256.96pt x 256.96pt>
File: graphics/NSC/256/NSC_drohne.png Graphic file (type png)

<use graphics/NSC/256/NSC_drohne.png>
Package pdftex.def Info: graphics/NSC/256/NSC_drohne.png used on input line 117
.
(pdftex.def)             Requested size: 12.84874pt x 12.84874pt.
File: graphics/NSC/256/NSC_drohne.png Graphic file (type png)
 <use graphics/NSC/256/NSC_drohne.png>
Package pdftex.def Info: graphics/NSC/256/NSC_drohne.png used on input line 118
.
(pdftex.def)             Requested size: 12.84874pt x 12.84874pt.
File: graphics/NSC/256/NSC_drohne.png Graphic file (type png)

<use graphics/NSC/256/NSC_drohne.png>
Package pdftex.def Info: graphics/NSC/256/NSC_drohne.png used on input line 119
.
(pdftex.def)             Requested size: 12.84874pt x 12.84874pt.
File: graphics/NSC/256/NSC_drohne.png Graphic file (type png)
 <use graphics/NSC/256/NSC_drohne.png>
Package pdftex.def Info: graphics/NSC/256/NSC_drohne.png used on input line 120
.
(pdftex.def)             Requested size: 12.84874pt x 12.84874pt.
File: graphics/NSC/256/NSC_drohne.png Graphic file (type png)

<use graphics/NSC/256/NSC_drohne.png>
Package pdftex.def Info: graphics/NSC/256/NSC_drohne.png used on input line 121
.
(pdftex.def)             Requested size: 12.84874pt x 12.84874pt.
File: graphics/NSC/256/NSC_drohne.png Graphic file (type png)
 <use graphics/NSC/256/NSC_drohne.png>
Package pdftex.def Info: graphics/NSC/256/NSC_drohne.png used on input line 122
.
(pdftex.def)             Requested size: 12.84874pt x 12.84874pt.

<graphics/Kamera/256/Sichtbereich/Kamera_Sichtbereich_1200-0600.png, id=14, 421
.575pt x 421.575pt>
File: graphics/Kamera/256/Sichtbereich/Kamera_Sichtbereich_1200-0600.png Graphi
c file (type png)

<use graphics/Kamera/256/Sichtbereich/Kamera_Sichtbereich_1200-0600.png>
Package pdftex.def Info: graphics/Kamera/256/Sichtbereich/Kamera_Sichtbereich_1
200-0600.png used on input line 124.
(pdftex.def)             Requested size: 21.07997pt x 21.07997pt.

<graphics/Kamera/256/sichtbar/Kamera_sichtbar_NR.png, id=15, 256.96pt x 256.96p
t>
File: graphics/Kamera/256/sichtbar/Kamera_sichtbar_NR.png Graphic file (type pn
g)
 <use graphics/Kamera/256/sichtbar/Kamera_sichtbar_NR.png>
Package pdftex.def Info: graphics/Kamera/256/sichtbar/Kamera_sichtbar_NR.png us
ed on input line 124.
(pdftex.def)             Requested size: 12.84874pt x 12.84874pt.

<graphics/Kamera/256/Sichtbereich/Kamera_Sichtbereich_0600-1200.png, id=16, 421
.575pt x 421.575pt>
File: graphics/Kamera/256/Sichtbereich/Kamera_Sichtbereich_0600-1200.png Graphi
c file (type png)

<use graphics/Kamera/256/Sichtbereich/Kamera_Sichtbereich_0600-1200.png>
Package pdftex.def Info: graphics/Kamera/256/Sichtbereich/Kamera_Sichtbereich_0
600-1200.png used on input line 125.
(pdftex.def)             Requested size: 21.07997pt x 21.07997pt.
File: graphics/Kamera/256/sichtbar/Kamera_sichtbar_NR.png Graphic file (type pn
g)

<use graphics/Kamera/256/sichtbar/Kamera_sichtbar_NR.png>
Package pdftex.def Info: graphics/Kamera/256/sichtbar/Kamera_sichtbar_NR.png us
ed on input line 125.
(pdftex.def)             Requested size: 12.84874pt x 12.84874pt.

<graphics/Kamera/256/Sichtbereich/Kamera_Sichtbereich_0300-0900.png, id=17, 421
.575pt x 421.575pt>
File: graphics/Kamera/256/Sichtbereich/Kamera_Sichtbereich_0300-0900.png Graphi
c file (type png)

<use graphics/Kamera/256/Sichtbereich/Kamera_Sichtbereich_0300-0900.png>
Package pdftex.def Info: graphics/Kamera/256/Sichtbereich/Kamera_Sichtbereich_0
300-0900.png used on input line 126.
(pdftex.def)             Requested size: 21.07997pt x 21.07997pt.
File: graphics/Kamera/256/sichtbar/Kamera_sichtbar_NR.png Graphic file (type pn
g)

<use graphics/Kamera/256/sichtbar/Kamera_sichtbar_NR.png>
Package pdftex.def Info: graphics/Kamera/256/sichtbar/Kamera_sichtbar_NR.png us
ed on input line 126.
(pdftex.def)             Requested size: 12.84874pt x 12.84874pt.
File: graphics/Kamera/256/Sichtbereich/Kamera_Sichtbereich_0300-0900.png Graphi
c file (type png)

<use graphics/Kamera/256/Sichtbereich/Kamera_Sichtbereich_0300-0900.png>
Package pdftex.def Info: graphics/Kamera/256/Sichtbereich/Kamera_Sichtbereich_0
300-0900.png used on input line 127.
(pdftex.def)             Requested size: 21.07997pt x 21.07997pt.
File: graphics/Kamera/256/sichtbar/Kamera_sichtbar_NR.png Graphic file (type pn
g)

<use graphics/Kamera/256/sichtbar/Kamera_sichtbar_NR.png>
Package pdftex.def Info: graphics/Kamera/256/sichtbar/Kamera_sichtbar_NR.png us
ed on input line 127.
(pdftex.def)             Requested size: 12.84874pt x 12.84874pt.

<graphics/Kamera/256/Sichtbereich/Kamera_Sichtbereich_0600-0300.png, id=18, 421
.575pt x 421.575pt>
File: graphics/Kamera/256/Sichtbereich/Kamera_Sichtbereich_0600-0300.png Graphi
c file (type png)

<use graphics/Kamera/256/Sichtbereich/Kamera_Sichtbereich_0600-0300.png>
Package pdftex.def Info: graphics/Kamera/256/Sichtbereich/Kamera_Sichtbereich_0
600-0300.png used on input line 128.
(pdftex.def)             Requested size: 21.07997pt x 21.07997pt.
File: graphics/Kamera/256/sichtbar/Kamera_sichtbar_NR.png Graphic file (type pn
g)

<use graphics/Kamera/256/sichtbar/Kamera_sichtbar_NR.png>
Package pdftex.def Info: graphics/Kamera/256/sichtbar/Kamera_sichtbar_NR.png us
ed on input line 128.
(pdftex.def)             Requested size: 12.84874pt x 12.84874pt.

<graphics/Kamera/256/Sichtbereich/Kamera_Sichtbereich_0300-1200.png, id=19, 421
.575pt x 421.575pt>
File: graphics/Kamera/256/Sichtbereich/Kamera_Sichtbereich_0300-1200.png Graphi
c file (type png)

<use graphics/Kamera/256/Sichtbereich/Kamera_Sichtbereich_0300-1200.png>
Package pdftex.def Info: graphics/Kamera/256/Sichtbereich/Kamera_Sichtbereich_0
300-1200.png used on input line 129.
(pdftex.def)             Requested size: 21.07997pt x 21.07997pt.
File: graphics/Kamera/256/sichtbar/Kamera_sichtbar_NR.png Graphic file (type pn
g)

<use graphics/Kamera/256/sichtbar/Kamera_sichtbar_NR.png>
Package pdftex.def Info: graphics/Kamera/256/sichtbar/Kamera_sichtbar_NR.png us
ed on input line 129.
(pdftex.def)             Requested size: 12.84874pt x 12.84874pt.

<graphics/Kamera/256/Sichtbereich/Kamera_Sichtbereich_1200-0900.png, id=20, 421
.575pt x 421.575pt>
File: graphics/Kamera/256/Sichtbereich/Kamera_Sichtbereich_1200-0900.png Graphi
c file (type png)

<use graphics/Kamera/256/Sichtbereich/Kamera_Sichtbereich_1200-0900.png>
Package pdftex.def Info: graphics/Kamera/256/Sichtbereich/Kamera_Sichtbereich_1
200-0900.png used on input line 130.
(pdftex.def)             Requested size: 21.07997pt x 21.07997pt.
File: graphics/Kamera/256/sichtbar/Kamera_sichtbar_NR.png Graphic file (type pn
g)

<use graphics/Kamera/256/sichtbar/Kamera_sichtbar_NR.png>
Package pdftex.def Info: graphics/Kamera/256/sichtbar/Kamera_sichtbar_NR.png us
ed on input line 130.
(pdftex.def)             Requested size: 12.84874pt x 12.84874pt.

<graphics/Kamera/256/Sichtbereich/Kamera_Sichtbereich_0900-0600.png, id=21, 421
.575pt x 421.575pt>
File: graphics/Kamera/256/Sichtbereich/Kamera_Sichtbereich_0900-0600.png Graphi
c file (type png)

<use graphics/Kamera/256/Sichtbereich/Kamera_Sichtbereich_0900-0600.png>
Package pdftex.def Info: graphics/Kamera/256/Sichtbereich/Kamera_Sichtbereich_0
900-0600.png used on input line 131.
(pdftex.def)             Requested size: 21.07997pt x 21.07997pt.
File: graphics/Kamera/256/sichtbar/Kamera_sichtbar_NR.png Graphic file (type pn
g)

<use graphics/Kamera/256/sichtbar/Kamera_sichtbar_NR.png>
Package pdftex.def Info: graphics/Kamera/256/sichtbar/Kamera_sichtbar_NR.png us
ed on input line 131.
(pdftex.def)             Requested size: 12.84874pt x 12.84874pt.

<graphics/Kamera/256/Sichtbereich/Kamera_Sichtbereich_0900-1200.png, id=22, 421
.575pt x 421.575pt>
File: graphics/Kamera/256/Sichtbereich/Kamera_Sichtbereich_0900-1200.png Graphi
c file (type png)

<use graphics/Kamera/256/Sichtbereich/Kamera_Sichtbereich_0900-1200.png>
Package pdftex.def Info: graphics/Kamera/256/Sichtbereich/Kamera_Sichtbereich_0
900-1200.png used on input line 133.
(pdftex.def)             Requested size: 21.07997pt x 21.07997pt.

<graphics/Kamera/256/verborgen/Kamera_verborgen_NR.png, id=23, 256.96pt x 256.9
6pt>
File: graphics/Kamera/256/verborgen/Kamera_verborgen_NR.png Graphic file (type 
png)
 <use graphics/Kamera/256/verborgen/Kamera_verborgen_NR.png>
Package pdftex.def Info: graphics/Kamera/256/verborgen/Kamera_verborgen_NR.png 
used on input line 133.
(pdftex.def)             Requested size: 12.84874pt x 12.84874pt.

<graphics/Kamera/256/Sichtbereich/Kamera_Sichtbereich_0300-0600.png, id=24, 421
.575pt x 421.575pt>
File: graphics/Kamera/256/Sichtbereich/Kamera_Sichtbereich_0300-0600.png Graphi
c file (type png)

<use graphics/Kamera/256/Sichtbereich/Kamera_Sichtbereich_0300-0600.png>
Package pdftex.def Info: graphics/Kamera/256/Sichtbereich/Kamera_Sichtbereich_0
300-0600.png used on input line 134.
(pdftex.def)             Requested size: 21.07997pt x 21.07997pt.
File: graphics/Kamera/256/verborgen/Kamera_verborgen_NR.png Graphic file (type 
png)

<use graphics/Kamera/256/verborgen/Kamera_verborgen_NR.png>
Package pdftex.def Info: graphics/Kamera/256/verborgen/Kamera_verborgen_NR.png 
used on input line 134.
(pdftex.def)             Requested size: 12.84874pt x 12.84874pt.

<graphics/Kamera/256/Sichtbereich/Kamera_Sichtbereich_0600-0900.png, id=25, 421
.575pt x 421.575pt>
File: graphics/Kamera/256/Sichtbereich/Kamera_Sichtbereich_0600-0900.png Graphi
c file (type png)

<use graphics/Kamera/256/Sichtbereich/Kamera_Sichtbereich_0600-0900.png>
Package pdftex.def Info: graphics/Kamera/256/Sichtbereich/Kamera_Sichtbereich_0
600-0900.png used on input line 135.
(pdftex.def)             Requested size: 21.07997pt x 21.07997pt.
File: graphics/Kamera/256/verborgen/Kamera_verborgen_NR.png Graphic file (type 
png)

<use graphics/Kamera/256/verborgen/Kamera_verborgen_NR.png>
Package pdftex.def Info: graphics/Kamera/256/verborgen/Kamera_verborgen_NR.png 
used on input line 135.
(pdftex.def)             Requested size: 12.84874pt x 12.84874pt.

<graphics/Kamera/256/Sichtbereich/Kamera_Sichtbereich_1200-0300.png, id=26, 421
.575pt x 421.575pt>
File: graphics/Kamera/256/Sichtbereich/Kamera_Sichtbereich_1200-0300.png Graphi
c file (type png)

<use graphics/Kamera/256/Sichtbereich/Kamera_Sichtbereich_1200-0300.png>
Package pdftex.def Info: graphics/Kamera/256/Sichtbereich/Kamera_Sichtbereich_1
200-0300.png used on input line 136.
(pdftex.def)             Requested size: 21.07997pt x 21.07997pt.
File: graphics/Kamera/256/verborgen/Kamera_verborgen_NR.png Graphic file (type 
png)

<use graphics/Kamera/256/verborgen/Kamera_verborgen_NR.png>
Package pdftex.def Info: graphics/Kamera/256/verborgen/Kamera_verborgen_NR.png 
used on input line 136.
(pdftex.def)             Requested size: 12.84874pt x 12.84874pt.
File: graphics/Kamera/256/Sichtbereich/Kamera_Sichtbereich_1200-0600.png Graphi
c file (type png)

<use graphics/Kamera/256/Sichtbereich/Kamera_Sichtbereich_1200-0600.png>
Package pdftex.def Info: graphics/Kamera/256/Sichtbereich/Kamera_Sichtbereich_1
200-0600.png used on input line 138.
(pdftex.def)             Requested size: 21.07997pt x 21.07997pt.

<graphics/Kamera/256/verborgen/Kamera_verborgen_NIRG.png, id=27, 256.96pt x 256
.96pt>
File: graphics/Kamera/256/verborgen/Kamera_verborgen_NIRG.png Graphic file (typ
e png)
 <use graphics/Kamera/256/verborgen/Kamera_verborgen_NIRG.png>
Package pdftex.def Info: graphics/Kamera/256/verborgen/Kamera_verborgen_NIRG.pn
g used on input line 138.
(pdftex.def)             Requested size: 12.84874pt x 12.84874pt.
)
(D:\01_Daten\UnrelatedStuff\RPGs\Shadowrun\mapping\tex/LogistikZentrumOG.tex
File: graphics/Legende.pdf Graphic file (type pdf)

<use graphics/Legende.pdf>
Package pdftex.def Info: graphics/Legende.pdf used on input line 2.
(pdftex.def)             Requested size: 162.72722pt x 284.52756pt.
File: graphics/Sonstiges/256/Treppenhaus.png Graphic file (type png)
 <use graphics/Sonstiges/256/Treppenhaus.png>
Package pdftex.def Info: graphics/Sonstiges/256/Treppenhaus.png used on input l
ine 95.
(pdftex.def)             Requested size: 12.84874pt x 12.84874pt.
File: graphics/Sonstiges/256/Treppenhaus.png Graphic file (type png)

<use graphics/Sonstiges/256/Treppenhaus.png>
Package pdftex.def Info: graphics/Sonstiges/256/Treppenhaus.png used on input l
ine 96.
(pdftex.def)             Requested size: 12.84874pt x 12.84874pt.
File: graphics/Magische_Barriere/256/Hueter/Magische_Barriere_Hueter_S4.png Gra
phic file (type png)

<use graphics/Magische_Barriere/256/Hueter/Magische_Barriere_Hueter_S4.png>
Package pdftex.def Info: graphics/Magische_Barriere/256/Hueter/Magische_Barrier
e_Hueter_S4.png used on input line 99.
(pdftex.def)             Requested size: 12.84874pt x 12.84874pt.
File: graphics/Magische_Barriere/256/Hueter/Magische_Barriere_Hueter_S4.png Gra
phic file (type png)

<use graphics/Magische_Barriere/256/Hueter/Magische_Barriere_Hueter_S4.png>
Package pdftex.def Info: graphics/Magische_Barriere/256/Hueter/Magische_Barrier
e_Hueter_S4.png used on input line 100.
(pdftex.def)             Requested size: 12.84874pt x 12.84874pt.
File: graphics/Magische_Barriere/256/Hueter/Magische_Barriere_Hueter_S4.png Gra
phic file (type png)

<use graphics/Magische_Barriere/256/Hueter/Magische_Barriere_Hueter_S4.png>
Package pdftex.def Info: graphics/Magische_Barriere/256/Hueter/Magische_Barrier
e_Hueter_S4.png used on input line 101.
(pdftex.def)             Requested size: 12.84874pt x 12.84874pt.
)
[1

{C:/ProgramData/MiKTeX/2.9/pdftex/config/pdftex.map} <D:/01_Daten/UnrelatedStuf
f/RPGs/Shadowrun/mapping/graphics/Legende.pdf> <D:/01_Daten/UnrelatedStuff/RPGs
/Shadowrun/mapping/graphics/Sonstiges/256/Treppenhaus.png> <D:/01_Daten/Unrelat
edStuff/RPGs/Shadowrun/mapping/graphics/Magschloss_Kartenleser/256/Magschloss_K
artenleser_S4A0.png> <D:/01_Daten/UnrelatedStuff/RPGs/Shadowrun/mapping/graphic
s/Magschloss_Biometrisch/256/GR/Magschloss_Biometrisch_GR_S5A4.png> <D:/01_Date
n/UnrelatedStuff/RPGs/Shadowrun/mapping/graphics/Magschloss_Tastatur/256/Magsch
loss_Tastatur_S5A3.png> <D:/01_Daten/UnrelatedStuff/RPGs/Shadowrun/mapping/grap
hics/Magschloss_RFID/256/Magschloss_RFID_S4A2.png> <D:/01_Daten/UnrelatedStuff/
RPGs/Shadowrun/mapping/graphics/Magische_Barriere/256/Hueter/Magische_Barriere_
Hueter_S6.png> <D:/01_Daten/UnrelatedStuff/RPGs/Shadowrun/mapping/graphics/Magi
sche_Barriere/256/Hueter/Magische_Barriere_Hueter_S4.png> <D:/01_Daten/Unrelate
dStuff/RPGs/Shadowrun/mapping/graphics/NSC/256/NSC_drohne.png> <D:/01_Daten/Unr
elatedStuff/RPGs/Shadowrun/mapping/graphics/Kamera/256/Sichtbereich/Kamera_Sich
tbereich_1200-0600.png> <D:/01_Daten/UnrelatedStuff/RPGs/Shadowrun/mapping/grap
hics/Kamera/256/sichtbar/Kamera_sichtbar_NR.png> <D:/01_Daten/UnrelatedStuff/RP
Gs/Shadowrun/mapping/graphics/Kamera/256/Sichtbereich/Kamera_Sichtbereich_0600-
1200.png> <D:/01_Daten/UnrelatedStuff/RPGs/Shadowrun/mapping/graphics/Kamera/25
6/Sichtbereich/Kamera_Sichtbereich_0300-0900.png> <D:/01_Daten/UnrelatedStuff/R
PGs/Shadowrun/mapping/graphics/Kamera/256/Sichtbereich/Kamera_Sichtbereich_0600
-0300.png> <D:/01_Daten/UnrelatedStuff/RPGs/Shadowrun/mapping/graphics/Kamera/2
56/Sichtbereich/Kamera_Sichtbereich_0300-1200.png> <D:/01_Daten/UnrelatedStuff/
RPGs/Shadowrun/mapping/graphics/Kamera/256/Sichtbereich/Kamera_Sichtbereich_120
0-0900.png> <D:/01_Daten/UnrelatedStuff/RPGs/Shadowrun/mapping/graphics/Kamera/
256/Sichtbereich/Kamera_Sichtbereich_0900-0600.png> <D:/01_Daten/UnrelatedStuff
/RPGs/Shadowrun/mapping/graphics/Kamera/256/Sichtbereich/Kamera_Sichtbereich_09
00-1200.png> <D:/01_Daten/UnrelatedStuff/RPGs/Shadowrun/mapping/graphics/Kamera
/256/verborgen/Kamera_verborgen_NR.png> <D:/01_Daten/UnrelatedStuff/RPGs/Shadow
run/mapping/graphics/Kamera/256/Sichtbereich/Kamera_Sichtbereich_0300-0600.png>
 <D:/01_Daten/UnrelatedStuff/RPGs/Shadowrun/mapping/graphics/Kamera/256/Sichtbe
reich/Kamera_Sichtbereich_0600-0900.png> <D:/01_Daten/UnrelatedStuff/RPGs/Shado
wrun/mapping/graphics/Kamera/256/Sichtbereich/Kamera_Sichtbereich_1200-0300.png
> <D:/01_Daten/UnrelatedStuff/RPGs/Shadowrun/mapping/graphics/Kamera/256/verbor
gen/Kamera_verborgen_NIRG.png>]
(D:\01_Daten\UnrelatedStuff\RPGs\Shadowrun\mapping\master.aux) ) 
Here is how much of TeX's memory you used:
 12319 strings out of 493921
 249274 string characters out of 3147676
 314956 words of memory out of 3000000
 15374 multiletter control sequences out of 15000+200000
 3640 words of font info for 14 fonts, out of 3000000 for 9000
 841 hyphenation exceptions out of 8191
 55i,8n,58p,408b,648s stack positions out of 5000i,500n,10000p,200000b,50000s
<D:/02_Programm
e/MiKTeX 2.9/fonts/type1/public/amsfonts/cm/cmr10.pfb>
Output written on master.pdf (1 page, 690177 bytes).
PDF statistics:
 1054 PDF objects out of 1200 (max. 8388607)
 0 named destinations out of 1000 (max. 500000)
 128 words of extra memory for PDF output out of 10000 (max. 10000000)

